<?xml version="1.0" encoding="UTF-8"?>
<testng-results skipped="1" failed="0" total="1" passed="0">
  <reporter-output>
  </reporter-output>
  <suite name="Default suite" duration-ms="83423" started-at="2020-01-23T07:34:47Z" finished-at="2020-01-23T07:36:10Z">
    <groups>
    </groups>
    <test name="Default test" duration-ms="83423" started-at="2020-01-23T07:34:47Z" finished-at="2020-01-23T07:36:10Z">
      <class name="com.qst.ohrm.utils.NewChrome">
        <test-method status="FAIL" signature="a()[pri:0, instance:com.qst.ohrm.utils.NewChrome@6cd8737]" name="a" is-config="true" duration-ms="0" started-at="2020-01-23T13:04:47Z" finished-at="2020-01-23T13:04:47Z">
          <exception class="io.github.bonigarcia.wdm.WebDriverManagerException">
            <message>
              <![CDATA[javax.net.ssl.SSLKeyException: RSA premaster secret error]]>
            </message>
            <full-stacktrace>
              <![CDATA[io.github.bonigarcia.wdm.WebDriverManagerException: javax.net.ssl.SSLKeyException: RSA premaster secret error
	at io.github.bonigarcia.wdm.WebDriverManager.handleException(WebDriverManager.java:776)
	at io.github.bonigarcia.wdm.WebDriverManager.manage(WebDriverManager.java:550)
	at io.github.bonigarcia.wdm.WebDriverManager.handleException(WebDriverManager.java:773)
	at io.github.bonigarcia.wdm.WebDriverManager.manage(WebDriverManager.java:550)
	at io.github.bonigarcia.wdm.WebDriverManager.handleException(WebDriverManager.java:766)
	at io.github.bonigarcia.wdm.WebDriverManager.manage(WebDriverManager.java:550)
	at io.github.bonigarcia.wdm.WebDriverManager.setup(WebDriverManager.java:260)
	at com.qst.ohrm.utils.NewChrome.a(NewChrome.java:18)
	at sun.reflect.NativeMethodAccessorImpl.invoke0(Native Method)
	at sun.reflect.NativeMethodAccessorImpl.invoke(Unknown Source)
	at sun.reflect.DelegatingMethodAccessorImpl.invoke(Unknown Source)
	at java.lang.reflect.Method.invoke(Unknown Source)
	at org.testng.internal.MethodInvocationHelper.invokeMethod(MethodInvocationHelper.java:86)
	at org.testng.internal.Invoker.invokeConfigurationMethod(Invoker.java:514)
	at org.testng.internal.Invoker.invokeConfigurations(Invoker.java:215)
	at org.testng.internal.Invoker.invokeMethod(Invoker.java:589)
	at org.testng.internal.Invoker.invokeTestMethod(Invoker.java:822)
	at org.testng.internal.Invoker.invokeTestMethods(Invoker.java:1130)
	at org.testng.internal.TestMethodWorker.invokeTestMethods(TestMethodWorker.java:129)
	at org.testng.internal.TestMethodWorker.run(TestMethodWorker.java:112)
	at org.testng.TestRunner.privateRun(TestRunner.java:782)
	at org.testng.TestRunner.run(TestRunner.java:632)
	at org.testng.SuiteRunner.runTest(SuiteRunner.java:366)
	at org.testng.SuiteRunner.runSequentially(SuiteRunner.java:361)
	at org.testng.SuiteRunner.privateRun(SuiteRunner.java:319)
	at org.testng.SuiteRunner.run(SuiteRunner.java:268)
	at org.testng.SuiteRunnerWorker.runSuite(SuiteRunnerWorker.java:52)
	at org.testng.SuiteRunnerWorker.run(SuiteRunnerWorker.java:86)
	at org.testng.TestNG.runSuitesSequentially(TestNG.java:1244)
	at org.testng.TestNG.runSuitesLocally(TestNG.java:1169)
	at org.testng.TestNG.run(TestNG.java:1064)
	at org.testng.remote.RemoteTestNG.run(RemoteTestNG.java:113)
	at org.testng.remote.RemoteTestNG.initAndRun(RemoteTestNG.java:206)
	at org.testng.remote.RemoteTestNG.main(RemoteTestNG.java:177)
Caused by: javax.net.ssl.SSLKeyException: RSA premaster secret error
	at sun.security.ssl.RSAClientKeyExchange.<init>(Unknown Source)
	at sun.security.ssl.ClientHandshaker.serverHelloDone(Unknown Source)
	at sun.security.ssl.ClientHandshaker.processMessage(Unknown Source)
	at sun.security.ssl.Handshaker.processLoop(Unknown Source)
	at sun.security.ssl.Handshaker.process_record(Unknown Source)
	at sun.security.ssl.SSLSocketImpl.readRecord(Unknown Source)
	at sun.security.ssl.SSLSocketImpl.performInitialHandshake(Unknown Source)
	at sun.security.ssl.SSLSocketImpl.startHandshake(Unknown Source)
	at sun.security.ssl.SSLSocketImpl.startHandshake(Unknown Source)
	at org.apache.http.conn.ssl.SSLConnectionSocketFactory.createLayeredSocket(SSLConnectionSocketFactory.java:396)
	at org.apache.http.conn.ssl.SSLConnectionSocketFactory.connectSocket(SSLConnectionSocketFactory.java:355)
	at org.apache.http.impl.conn.DefaultHttpClientConnectionOperator.connect(DefaultHttpClientConnectionOperator.java:142)
	at org.apache.http.impl.conn.PoolingHttpClientConnectionManager.connect(PoolingHttpClientConnectionManager.java:359)
	at org.apache.http.impl.execchain.MainClientExec.establishRoute(MainClientExec.java:381)
	at org.apache.http.impl.execchain.MainClientExec.execute(MainClientExec.java:237)
	at org.apache.http.impl.execchain.ProtocolExec.execute(ProtocolExec.java:185)
	at org.apache.http.impl.execchain.RetryExec.execute(RetryExec.java:89)
	at org.apache.http.impl.execchain.RedirectExec.execute(RedirectExec.java:111)
	at org.apache.http.impl.client.InternalHttpClient.doExecute(InternalHttpClient.java:185)
	at org.apache.http.impl.client.CloseableHttpClient.execute(CloseableHttpClient.java:83)
	at org.apache.http.impl.client.CloseableHttpClient.execute(CloseableHttpClient.java:108)
	at io.github.bonigarcia.wdm.HttpClient.execute(HttpClient.java:169)
	at io.github.bonigarcia.wdm.Downloader.downloadAndExtract(Downloader.java:135)
	at io.github.bonigarcia.wdm.Downloader.download(Downloader.java:81)
	at io.github.bonigarcia.wdm.WebDriverManager.downloadCandidateUrls(WebDriverManager.java:784)
	at io.github.bonigarcia.wdm.WebDriverManager.downloadAndExport(WebDriverManager.java:578)
	at io.github.bonigarcia.wdm.WebDriverManager.manage(WebDriverManager.java:547)
	... 32 more
Caused by: java.security.NoSuchAlgorithmException: SunTls12RsaPremasterSecret KeyGenerator not available
	at javax.crypto.KeyGenerator.<init>(KeyGenerator.java:169)
	at javax.crypto.KeyGenerator.getInstance(KeyGenerator.java:223)
	at sun.security.ssl.JsseJce.getKeyGenerator(Unknown Source)
	... 59 more
]]>
            </full-stacktrace>
          </exception> <!-- io.github.bonigarcia.wdm.WebDriverManagerException -->
          <reporter-output>
          </reporter-output>
        </test-method> <!-- a -->
        <test-method status="SKIP" signature="b()[pri:0, instance:com.qst.ohrm.utils.NewChrome@6cd8737]" name="b" duration-ms="1" started-at="2020-01-23T13:06:10Z" finished-at="2020-01-23T13:06:10Z">
          <reporter-output>
          </reporter-output>
        </test-method> <!-- b -->
        <test-method status="SKIP" signature="c()[pri:0, instance:com.qst.ohrm.utils.NewChrome@6cd8737]" name="c" is-config="true" duration-ms="0" started-at="2020-01-23T13:06:10Z" finished-at="2020-01-23T13:06:10Z">
          <reporter-output>
          </reporter-output>
        </test-method> <!-- c -->
      </class> <!-- com.qst.ohrm.utils.NewChrome -->
    </test> <!-- Default test -->
  </suite> <!-- Default suite -->
</testng-results>
